2023-05-08 14:33:18,427 [Worker-6: Loading available Gradle versions] INFO  o.e.b.c.i.u.g.PublishedGradleVersions - Gradle version information cache is up-to-date. Trying to read.
2023-05-08 14:33:55,929 [Worker-13: Importing Maven projects] INFO  o.e.m.c.i.l.LifecycleMappingFactory - Using org.maven.ide.eclipse.wtp.WarLifecycleMapping lifecycle mapping for MavenProject: softtek:BootMvcProj01:0.0.1-SNAPSHOT @ C:\Users\sushant.gowda\Downloads\springmvc (1)\SpringMVC\BootMvcProj01\BootMvcProj01\pom.xml.
2023-05-08 14:33:56,259 [Worker-13: Importing Maven projects] INFO  o.e.m.c.i.l.LifecycleMappingFactory - Using org.maven.ide.eclipse.wtp.WarLifecycleMapping lifecycle mapping for MavenProject: ak:BootMVCProj02-DataRendering:0.0.1-SNAPSHOT @ C:\Users\sushant.gowda\Downloads\springmvc (1)\SpringMVC\BootMVCProj02-DataRendering\pom.xml.
2023-05-08 14:33:56,339 [Worker-13: Importing Maven projects] INFO  o.e.m.c.i.l.LifecycleMappingFactory - Using org.maven.ide.eclipse.wtp.WarLifecycleMapping lifecycle mapping for MavenProject: ak:BootMVCProj04-DataBinding-FormBinding:0.0.1-SNAPSHOT @ C:\Users\sushant.gowda\Downloads\springmvc (1)\SpringMVC\BootMVCProj04-DataBinding-FormBinding\pom.xml.
2023-05-08 14:33:56,413 [Worker-13: Importing Maven projects] INFO  o.e.m.c.i.l.LifecycleMappingFactory - Using org.maven.ide.eclipse.wtp.WarLifecycleMapping lifecycle mapping for MavenProject: ak:BootMVCProj05-FormDataBindingUsingMVCTags:0.0.1-SNAPSHOT @ C:\Users\sushant.gowda\Downloads\springmvc (1)\SpringMVC\BootMVCProj05-FormDataBindingUsingMVCTags\pom.xml.
2023-05-08 14:33:56,522 [Worker-13: Importing Maven projects] INFO  o.e.m.c.i.l.LifecycleMappingFactory - Using org.maven.ide.eclipse.wtp.WarLifecycleMapping lifecycle mapping for MavenProject: ak:BootMVCProj06-DataBindingUsingRequestParam:0.0.1-SNAPSHOT @ C:\Users\sushant.gowda\Downloads\springmvc (1)\SpringMVC\BootMVCProj06-DataBindingUsingRequestParam\pom.xml.
2023-05-08 14:33:57,122 [Worker-13: Importing Maven projects] INFO  o.e.m.c.i.l.LifecycleMappingFactory - Using org.maven.ide.eclipse.wtp.WarLifecycleMapping lifecycle mapping for MavenProject: com.ak:MVC-FrontController-JEE:0.0.1-SNAPSHOT @ C:\Users\sushant.gowda\Downloads\springmvc (1)\SpringMVC\MVC-FrontController-JEE\pom.xml.
2023-05-08 14:33:57,260 [Worker-13: Importing Maven projects] INFO  o.e.m.c.i.l.LifecycleMappingFactory - Using org.eclipse.m2e.jdt.JarLifecycleMapping lifecycle mapping for MavenProject: learn.spring:student-management-system-crud:0.0.1-SNAPSHOT @ C:\Users\sushant.gowda\Downloads\springmvc (1)\SpringMVC\student-management-system-CRUD-main\pom.xml.
2023-05-08 14:34:01,712 [Worker-13: Importing Maven projects] INFO  o.e.m.j.i.AbstractJavaProjectConfigurator - Adding source folder /BootMVCProj04-DataBinding-FormBinding/src/main/java
2023-05-08 14:34:01,713 [Worker-13: Importing Maven projects] INFO  o.e.m.j.i.AbstractJavaProjectConfigurator - Adding resource folder /BootMVCProj04-DataBinding-FormBinding/src/main/resources
2023-05-08 14:34:01,721 [Worker-13: Importing Maven projects] INFO  o.e.m.j.i.AbstractJavaProjectConfigurator - Adding resource folder /BootMVCProj04-DataBinding-FormBinding/src/main/resources
2023-05-08 14:34:01,729 [Worker-13: Importing Maven projects] INFO  o.e.m.j.i.AbstractJavaProjectConfigurator - Adding source folder /BootMVCProj04-DataBinding-FormBinding/src/test/java
2023-05-08 14:34:05,217 [Worker-13: Importing Maven projects] INFO  o.e.m.j.i.AbstractJavaProjectConfigurator - Adding source folder /BootMvcProj01/src/main/java
2023-05-08 14:34:05,217 [Worker-13: Importing Maven projects] INFO  o.e.m.j.i.AbstractJavaProjectConfigurator - Adding resource folder /BootMvcProj01/src/main/resources
2023-05-08 14:34:05,224 [Worker-13: Importing Maven projects] INFO  o.e.m.j.i.AbstractJavaProjectConfigurator - Adding resource folder /BootMvcProj01/src/main/resources
2023-05-08 14:34:05,228 [Worker-13: Importing Maven projects] INFO  o.e.m.j.i.AbstractJavaProjectConfigurator - Adding source folder /BootMvcProj01/src/test/java
2023-05-08 14:34:06,563 [Worker-13: Importing Maven projects] INFO  o.e.m.j.i.AbstractJavaProjectConfigurator - Adding source folder /MVC-FrontController-JEE/src/main/java
2023-05-08 14:34:06,564 [Worker-13: Importing Maven projects] INFO  o.e.m.j.i.AbstractJavaProjectConfigurator - Adding source folder /MVC-FrontController-JEE/src/test/java
2023-05-08 14:34:08,827 [Worker-13: Importing Maven projects] INFO  o.e.m.j.i.AbstractJavaProjectConfigurator - Adding source folder /BootMVCProj06-DataBindingUsingRequestParam/src/main/java
2023-05-08 14:34:08,828 [Worker-13: Importing Maven projects] INFO  o.e.m.j.i.AbstractJavaProjectConfigurator - Adding resource folder /BootMVCProj06-DataBindingUsingRequestParam/src/main/resources
2023-05-08 14:34:08,836 [Worker-13: Importing Maven projects] INFO  o.e.m.j.i.AbstractJavaProjectConfigurator - Adding resource folder /BootMVCProj06-DataBindingUsingRequestParam/src/main/resources
2023-05-08 14:34:08,844 [Worker-13: Importing Maven projects] INFO  o.e.m.j.i.AbstractJavaProjectConfigurator - Adding source folder /BootMVCProj06-DataBindingUsingRequestParam/src/test/java
2023-05-08 14:34:11,763 [Worker-13: Importing Maven projects] INFO  o.e.m.j.i.AbstractJavaProjectConfigurator - Adding source folder /BootMVCProj02-DataRendering/src/main/java
2023-05-08 14:34:11,764 [Worker-13: Importing Maven projects] INFO  o.e.m.j.i.AbstractJavaProjectConfigurator - Adding resource folder /BootMVCProj02-DataRendering/src/main/resources
2023-05-08 14:34:11,787 [Worker-13: Importing Maven projects] INFO  o.e.m.j.i.AbstractJavaProjectConfigurator - Adding resource folder /BootMVCProj02-DataRendering/src/main/resources
2023-05-08 14:34:11,808 [Worker-13: Importing Maven projects] INFO  o.e.m.j.i.AbstractJavaProjectConfigurator - Adding source folder /BootMVCProj02-DataRendering/src/test/java
2023-05-08 14:34:13,547 [Worker-13: Importing Maven projects] INFO  o.e.m.j.i.AbstractJavaProjectConfigurator - Adding source folder /BootMVCProj05-FormDataBindingUsingMVCTags/src/main/java
2023-05-08 14:34:13,548 [Worker-13: Importing Maven projects] INFO  o.e.m.j.i.AbstractJavaProjectConfigurator - Adding resource folder /BootMVCProj05-FormDataBindingUsingMVCTags/src/main/resources
2023-05-08 14:34:13,558 [Worker-13: Importing Maven projects] INFO  o.e.m.j.i.AbstractJavaProjectConfigurator - Adding resource folder /BootMVCProj05-FormDataBindingUsingMVCTags/src/main/resources
2023-05-08 14:34:13,567 [Worker-13: Importing Maven projects] INFO  o.e.m.j.i.AbstractJavaProjectConfigurator - Adding source folder /BootMVCProj05-FormDataBindingUsingMVCTags/src/test/java
2023-05-08 14:34:14,675 [Worker-13: Importing Maven projects] INFO  o.e.m.j.i.AbstractJavaProjectConfigurator - Adding source folder /student-management-system-crud/src/main/java
2023-05-08 14:34:14,676 [Worker-13: Importing Maven projects] INFO  o.e.m.j.i.AbstractJavaProjectConfigurator - Adding resource folder /student-management-system-crud/src/main/resources
2023-05-08 14:34:14,681 [Worker-13: Importing Maven projects] INFO  o.e.m.j.i.AbstractJavaProjectConfigurator - Adding resource folder /student-management-system-crud/src/main/resources
2023-05-08 14:34:14,689 [Worker-13: Importing Maven projects] INFO  o.e.m.j.i.AbstractJavaProjectConfigurator - Adding source folder /student-management-system-crud/src/test/java
2023-05-08 14:34:15,653 [Worker-13: Importing Maven projects] INFO  o.e.m.c.i.p.ProjectConfigurationManager - Imported and configured 7 project(s) in 22 sec
2023-05-08 14:34:15,890 [Worker-8: Updating Maven Project] INFO  o.e.m.c.i.p.ProjectConfigurationManager - Update started
2023-05-08 14:34:17,739 [Worker-8: Updating Maven Project] INFO  o.e.m.c.i.l.LifecycleMappingFactory - Using org.maven.ide.eclipse.wtp.WarLifecycleMapping lifecycle mapping for MavenProject: ak:BootMVCProj02-DataRendering:0.0.1-SNAPSHOT @ C:\Users\sushant.gowda\Downloads\springmvc (1)\SpringMVC\BootMVCProj02-DataRendering\pom.xml.
2023-05-08 14:34:17,979 [Worker-8: Updating Maven Project] INFO  o.e.m.c.i.l.LifecycleMappingFactory - Using org.maven.ide.eclipse.wtp.WarLifecycleMapping lifecycle mapping for MavenProject: ak:BootMVCProj04-DataBinding-FormBinding:0.0.1-SNAPSHOT @ C:\Users\sushant.gowda\Downloads\springmvc (1)\SpringMVC\BootMVCProj04-DataBinding-FormBinding\pom.xml.
2023-05-08 14:34:18,100 [Worker-8: Updating Maven Project] INFO  o.e.m.c.i.l.LifecycleMappingFactory - Using org.maven.ide.eclipse.wtp.WarLifecycleMapping lifecycle mapping for MavenProject: ak:BootMVCProj05-FormDataBindingUsingMVCTags:0.0.1-SNAPSHOT @ C:\Users\sushant.gowda\Downloads\springmvc (1)\SpringMVC\BootMVCProj05-FormDataBindingUsingMVCTags\pom.xml.
2023-05-08 14:34:18,227 [Worker-8: Updating Maven Project] INFO  o.e.m.c.i.l.LifecycleMappingFactory - Using org.maven.ide.eclipse.wtp.WarLifecycleMapping lifecycle mapping for MavenProject: ak:BootMVCProj06-DataBindingUsingRequestParam:0.0.1-SNAPSHOT @ C:\Users\sushant.gowda\Downloads\springmvc (1)\SpringMVC\BootMVCProj06-DataBindingUsingRequestParam\pom.xml.
2023-05-08 14:34:18,380 [Worker-8: Updating Maven Project] INFO  o.e.m.c.i.l.LifecycleMappingFactory - Using org.maven.ide.eclipse.wtp.WarLifecycleMapping lifecycle mapping for MavenProject: softtek:BootMvcProj01:0.0.1-SNAPSHOT @ C:\Users\sushant.gowda\Downloads\springmvc (1)\SpringMVC\BootMvcProj01\BootMvcProj01\pom.xml.
2023-05-08 14:34:18,444 [Worker-8: Updating Maven Project] INFO  o.e.m.c.i.l.LifecycleMappingFactory - Using org.eclipse.m2e.jdt.JarLifecycleMapping lifecycle mapping for MavenProject: learn.spring:student-management-system-crud:0.0.1-SNAPSHOT @ C:\Users\sushant.gowda\Downloads\springmvc (1)\SpringMVC\student-management-system-CRUD-main\pom.xml.
2023-05-08 14:34:20,032 [Worker-8: Updating Maven Project] INFO  o.e.m.j.i.AbstractJavaProjectConfigurator - Adding source folder /BootMVCProj02-DataRendering/src/main/java
2023-05-08 14:34:20,032 [Worker-8: Updating Maven Project] INFO  o.e.m.j.i.AbstractJavaProjectConfigurator - Adding resource folder /BootMVCProj02-DataRendering/src/main/resources
2023-05-08 14:34:20,032 [Worker-8: Updating Maven Project] INFO  o.e.m.j.i.AbstractJavaProjectConfigurator - Adding resource folder /BootMVCProj02-DataRendering/src/main/resources
2023-05-08 14:34:20,033 [Worker-8: Updating Maven Project] INFO  o.e.m.j.i.AbstractJavaProjectConfigurator - Adding source folder /BootMVCProj02-DataRendering/src/test/java
2023-05-08 14:34:20,425 [Worker-8: Updating Maven Project] INFO  o.e.m.j.i.AbstractJavaProjectConfigurator - Adding source folder /BootMVCProj04-DataBinding-FormBinding/src/main/java
2023-05-08 14:34:20,426 [Worker-8: Updating Maven Project] INFO  o.e.m.j.i.AbstractJavaProjectConfigurator - Adding resource folder /BootMVCProj04-DataBinding-FormBinding/src/main/resources
2023-05-08 14:34:20,426 [Worker-8: Updating Maven Project] INFO  o.e.m.j.i.AbstractJavaProjectConfigurator - Adding resource folder /BootMVCProj04-DataBinding-FormBinding/src/main/resources
2023-05-08 14:34:20,426 [Worker-8: Updating Maven Project] INFO  o.e.m.j.i.AbstractJavaProjectConfigurator - Adding source folder /BootMVCProj04-DataBinding-FormBinding/src/test/java
2023-05-08 14:34:20,729 [Worker-8: Updating Maven Project] INFO  o.e.m.j.i.AbstractJavaProjectConfigurator - Adding source folder /BootMVCProj05-FormDataBindingUsingMVCTags/src/main/java
2023-05-08 14:34:20,729 [Worker-8: Updating Maven Project] INFO  o.e.m.j.i.AbstractJavaProjectConfigurator - Adding resource folder /BootMVCProj05-FormDataBindingUsingMVCTags/src/main/resources
2023-05-08 14:34:20,729 [Worker-8: Updating Maven Project] INFO  o.e.m.j.i.AbstractJavaProjectConfigurator - Adding resource folder /BootMVCProj05-FormDataBindingUsingMVCTags/src/main/resources
2023-05-08 14:34:20,730 [Worker-8: Updating Maven Project] INFO  o.e.m.j.i.AbstractJavaProjectConfigurator - Adding source folder /BootMVCProj05-FormDataBindingUsingMVCTags/src/test/java
2023-05-08 14:34:21,634 [Worker-8: Updating Maven Project] INFO  o.e.m.j.i.AbstractJavaProjectConfigurator - Adding source folder /BootMVCProj06-DataBindingUsingRequestParam/src/main/java
2023-05-08 14:34:21,635 [Worker-8: Updating Maven Project] INFO  o.e.m.j.i.AbstractJavaProjectConfigurator - Adding resource folder /BootMVCProj06-DataBindingUsingRequestParam/src/main/resources
2023-05-08 14:34:21,636 [Worker-8: Updating Maven Project] INFO  o.e.m.j.i.AbstractJavaProjectConfigurator - Adding resource folder /BootMVCProj06-DataBindingUsingRequestParam/src/main/resources
2023-05-08 14:34:21,636 [Worker-8: Updating Maven Project] INFO  o.e.m.j.i.AbstractJavaProjectConfigurator - Adding source folder /BootMVCProj06-DataBindingUsingRequestParam/src/test/java
2023-05-08 14:34:22,182 [Worker-8: Updating Maven Project] INFO  o.e.m.j.i.AbstractJavaProjectConfigurator - Adding source folder /BootMvcProj01/src/main/java
2023-05-08 14:34:22,182 [Worker-8: Updating Maven Project] INFO  o.e.m.j.i.AbstractJavaProjectConfigurator - Adding resource folder /BootMvcProj01/src/main/resources
2023-05-08 14:34:22,182 [Worker-8: Updating Maven Project] INFO  o.e.m.j.i.AbstractJavaProjectConfigurator - Adding resource folder /BootMvcProj01/src/main/resources
2023-05-08 14:34:22,183 [Worker-8: Updating Maven Project] INFO  o.e.m.j.i.AbstractJavaProjectConfigurator - Adding source folder /BootMvcProj01/src/test/java
2023-05-08 14:34:22,511 [Worker-8: Updating Maven Project] INFO  o.e.m.j.i.AbstractJavaProjectConfigurator - Adding source folder /student-management-system-crud/src/main/java
2023-05-08 14:34:22,511 [Worker-8: Updating Maven Project] INFO  o.e.m.j.i.AbstractJavaProjectConfigurator - Adding resource folder /student-management-system-crud/src/main/resources
2023-05-08 14:34:22,511 [Worker-8: Updating Maven Project] INFO  o.e.m.j.i.AbstractJavaProjectConfigurator - Adding resource folder /student-management-system-crud/src/main/resources
2023-05-08 14:34:22,512 [Worker-8: Updating Maven Project] INFO  o.e.m.j.i.AbstractJavaProjectConfigurator - Adding source folder /student-management-system-crud/src/test/java
2023-05-08 14:34:23,603 [Worker-8: Updating Maven Project] INFO  o.e.m.w.i.f.ResourceFilteringBuildParticipant - Cleaning filtered folder for BootMVCProj02-DataRendering
2023-05-08 14:34:23,688 [Worker-8: Updating Maven Project] INFO  o.e.m.w.i.f.ResourceFilteringBuildParticipant - Cleaning filtered folder for BootMVCProj04-DataBinding-FormBinding
2023-05-08 14:34:23,778 [Worker-8: Updating Maven Project] INFO  o.e.m.w.i.f.ResourceFilteringBuildParticipant - Cleaning filtered folder for BootMVCProj05-FormDataBindingUsingMVCTags
2023-05-08 14:34:23,833 [Worker-8: Updating Maven Project] INFO  o.e.m.w.i.f.ResourceFilteringBuildParticipant - Cleaning filtered folder for BootMVCProj06-DataBindingUsingRequestParam
2023-05-08 14:34:23,881 [Worker-8: Updating Maven Project] INFO  o.e.m.w.i.f.ResourceFilteringBuildParticipant - Cleaning filtered folder for BootMvcProj01
2023-05-08 14:34:23,963 [Worker-8: Updating Maven Project] INFO  o.e.m.c.i.p.ProjectConfigurationManager - Update completed for 6 poms: local refresh takes 0.00 sec, refresh facades takes 3.00 sec, update config takes 2.00 sec 
2023-05-08 14:34:23,987 [Worker-1: Updating Maven Project] INFO  o.e.m.c.i.p.ProjectConfigurationManager - Update started
2023-05-08 14:34:24,235 [Worker-1: Updating Maven Project] INFO  o.e.m.c.i.l.LifecycleMappingFactory - Using org.maven.ide.eclipse.wtp.WarLifecycleMapping lifecycle mapping for MavenProject: com.ak:MVC-FrontController-JEE:0.0.1-SNAPSHOT @ C:\Users\sushant.gowda\Downloads\springmvc (1)\SpringMVC\MVC-FrontController-JEE\pom.xml.
2023-05-08 14:34:24,658 [Worker-1: Updating Maven Project] INFO  o.e.m.j.i.AbstractJavaProjectConfigurator - Adding source folder /MVC-FrontController-JEE/src/main/java
2023-05-08 14:34:24,658 [Worker-1: Updating Maven Project] INFO  o.e.m.j.i.AbstractJavaProjectConfigurator - Adding source folder /MVC-FrontController-JEE/src/test/java
2023-05-08 14:34:25,358 [Worker-1: Updating Maven Project] INFO  o.e.m.w.i.f.ResourceFilteringBuildParticipant - Cleaning filtered folder for MVC-FrontController-JEE
2023-05-08 14:34:25,368 [Worker-1: Updating Maven Project] INFO  o.e.m.c.i.p.ProjectConfigurationManager - Update completed for 1 poms: local refresh takes 0.00 sec, refresh facades takes 0.00 sec, update config takes 0.00 sec 
2023-05-08 14:34:25,956 [Worker-14: Building] INFO  o.e.m.c.i.embedder.EclipseLogger - Using 'UTF-8' encoding to copy filtered resources.
2023-05-08 14:34:25,957 [Worker-14: Building] INFO  o.e.m.c.i.embedder.EclipseLogger - Using 'UTF-8' encoding to copy filtered properties files.
2023-05-08 14:34:25,967 [Worker-14: Building] INFO  o.e.m.c.i.embedder.EclipseLogger - Copying 1 resource
2023-05-08 14:34:26,000 [Worker-14: Building] INFO  o.e.m.c.i.embedder.EclipseLogger - Copying 0 resource
2023-05-08 14:34:26,007 [Worker-14: Building] INFO  o.e.m.c.i.embedder.EclipseLogger - Using 'UTF-8' encoding to copy filtered resources.
2023-05-08 14:34:26,007 [Worker-14: Building] INFO  o.e.m.c.i.embedder.EclipseLogger - Using 'UTF-8' encoding to copy filtered properties files.
2023-05-08 14:34:26,007 [Worker-14: Building] INFO  o.e.m.c.i.embedder.EclipseLogger - skip non existing resourceDirectory C:\Users\sushant.gowda\Downloads\springmvc (1)\SpringMVC\BootMVCProj02-DataRendering\src\test\resources
2023-05-08 14:34:26,008 [Worker-14: Building] INFO  o.e.m.w.i.f.ResourceFilteringBuildParticipant - Changed resources require a complete clean of filtered resources of BootMVCProj02-DataRendering
2023-05-08 14:34:26,009 [Worker-14: Building] INFO  o.e.m.w.i.f.ResourceFilteringBuildParticipant - Executing resource filtering for BootMVCProj02-DataRendering
2023-05-08 14:34:27,115 [Worker-14: Building] INFO  o.e.m.c.i.embedder.EclipseLogger - Using 'UTF-8' encoding to copy filtered resources.
2023-05-08 14:34:27,116 [Worker-14: Building] INFO  o.e.m.c.i.embedder.EclipseLogger - Using 'UTF-8' encoding to copy filtered properties files.
2023-05-08 14:34:27,117 [Worker-14: Building] INFO  o.e.m.c.i.embedder.EclipseLogger - Copying 1 resource
2023-05-08 14:34:27,151 [Worker-14: Building] INFO  o.e.m.c.i.embedder.EclipseLogger - Copying 0 resource
2023-05-08 14:34:27,156 [Worker-14: Building] INFO  o.e.m.c.i.embedder.EclipseLogger - Using 'UTF-8' encoding to copy filtered resources.
2023-05-08 14:34:27,157 [Worker-14: Building] INFO  o.e.m.c.i.embedder.EclipseLogger - Using 'UTF-8' encoding to copy filtered properties files.
2023-05-08 14:34:27,157 [Worker-14: Building] INFO  o.e.m.c.i.embedder.EclipseLogger - skip non existing resourceDirectory C:\Users\sushant.gowda\Downloads\springmvc (1)\SpringMVC\BootMVCProj04-DataBinding-FormBinding\src\test\resources
2023-05-08 14:34:27,157 [Worker-14: Building] INFO  o.e.m.w.i.f.ResourceFilteringBuildParticipant - Changed resources require a complete clean of filtered resources of BootMVCProj04-DataBinding-FormBinding
2023-05-08 14:34:27,157 [Worker-14: Building] INFO  o.e.m.w.i.f.ResourceFilteringBuildParticipant - Executing resource filtering for BootMVCProj04-DataBinding-FormBinding
2023-05-08 14:34:27,913 [Worker-14: Building] INFO  o.e.m.c.i.embedder.EclipseLogger - Using 'UTF-8' encoding to copy filtered resources.
2023-05-08 14:34:27,913 [Worker-14: Building] INFO  o.e.m.c.i.embedder.EclipseLogger - Using 'UTF-8' encoding to copy filtered properties files.
2023-05-08 14:34:27,914 [Worker-14: Building] INFO  o.e.m.c.i.embedder.EclipseLogger - Copying 1 resource
2023-05-08 14:34:27,947 [Worker-14: Building] INFO  o.e.m.c.i.embedder.EclipseLogger - Copying 0 resource
2023-05-08 14:34:27,956 [Worker-14: Building] INFO  o.e.m.c.i.embedder.EclipseLogger - Using 'UTF-8' encoding to copy filtered resources.
2023-05-08 14:34:27,957 [Worker-14: Building] INFO  o.e.m.c.i.embedder.EclipseLogger - Using 'UTF-8' encoding to copy filtered properties files.
2023-05-08 14:34:27,957 [Worker-14: Building] INFO  o.e.m.c.i.embedder.EclipseLogger - skip non existing resourceDirectory C:\Users\sushant.gowda\Downloads\springmvc (1)\SpringMVC\BootMVCProj05-FormDataBindingUsingMVCTags\src\test\resources
2023-05-08 14:34:27,957 [Worker-14: Building] INFO  o.e.m.w.i.f.ResourceFilteringBuildParticipant - Changed resources require a complete clean of filtered resources of BootMVCProj05-FormDataBindingUsingMVCTags
2023-05-08 14:34:27,957 [Worker-14: Building] INFO  o.e.m.w.i.f.ResourceFilteringBuildParticipant - Executing resource filtering for BootMVCProj05-FormDataBindingUsingMVCTags
2023-05-08 14:34:28,459 [Worker-14: Building] INFO  o.a.m.s.f.DefaultMavenResourcesFiltering - Copying 1 resource
2023-05-08 14:34:28,492 [Worker-14: Building] INFO  o.a.m.s.f.DefaultMavenResourcesFiltering - Copying 0 resource
2023-05-08 14:34:28,499 [Worker-14: Building] INFO  o.a.m.s.f.DefaultMavenResourcesFiltering - skip non existing resourceDirectory C:\Users\sushant.gowda\Downloads\springmvc (1)\SpringMVC\BootMVCProj06-DataBindingUsingRequestParam\src\test\resources
2023-05-08 14:34:28,500 [Worker-14: Building] INFO  o.e.m.w.i.f.ResourceFilteringBuildParticipant - Changed resources require a complete clean of filtered resources of BootMVCProj06-DataBindingUsingRequestParam
2023-05-08 14:34:28,500 [Worker-14: Building] INFO  o.e.m.w.i.f.ResourceFilteringBuildParticipant - Executing resource filtering for BootMVCProj06-DataBindingUsingRequestParam
2023-05-08 14:34:28,973 [Worker-14: Building] INFO  o.e.m.c.i.embedder.EclipseLogger - Using 'UTF-8' encoding to copy filtered resources.
2023-05-08 14:34:28,973 [Worker-14: Building] INFO  o.e.m.c.i.embedder.EclipseLogger - Using 'UTF-8' encoding to copy filtered properties files.
2023-05-08 14:34:28,974 [Worker-14: Building] INFO  o.e.m.c.i.embedder.EclipseLogger - Copying 1 resource
2023-05-08 14:34:28,996 [Worker-14: Building] INFO  o.e.m.c.i.embedder.EclipseLogger - Copying 0 resource
2023-05-08 14:34:29,000 [Worker-14: Building] INFO  o.e.m.c.i.embedder.EclipseLogger - Using 'UTF-8' encoding to copy filtered resources.
2023-05-08 14:34:29,000 [Worker-14: Building] INFO  o.e.m.c.i.embedder.EclipseLogger - Using 'UTF-8' encoding to copy filtered properties files.
2023-05-08 14:34:29,001 [Worker-14: Building] INFO  o.e.m.c.i.embedder.EclipseLogger - skip non existing resourceDirectory C:\Users\sushant.gowda\Downloads\springmvc (1)\SpringMVC\BootMvcProj01\BootMvcProj01\src\test\resources
2023-05-08 14:34:29,001 [Worker-14: Building] INFO  o.e.m.w.i.f.ResourceFilteringBuildParticipant - Changed resources require a complete clean of filtered resources of BootMvcProj01
2023-05-08 14:34:29,001 [Worker-14: Building] INFO  o.e.m.w.i.f.ResourceFilteringBuildParticipant - Executing resource filtering for BootMvcProj01
2023-05-08 14:34:29,213 [Worker-14: Building] INFO  o.e.m.c.i.embedder.EclipseLogger - Using 'UTF-8' encoding to copy filtered resources.
2023-05-08 14:34:29,214 [Worker-14: Building] INFO  o.e.m.c.i.embedder.EclipseLogger - skip non existing resourceDirectory C:\Users\sushant.gowda\Downloads\springmvc (1)\SpringMVC\MVC-FrontController-JEE\src\main\resources
2023-05-08 14:34:29,218 [Worker-14: Building] INFO  o.e.m.c.i.embedder.EclipseLogger - Using 'UTF-8' encoding to copy filtered resources.
2023-05-08 14:34:29,218 [Worker-14: Building] INFO  o.e.m.c.i.embedder.EclipseLogger - skip non existing resourceDirectory C:\Users\sushant.gowda\Downloads\springmvc (1)\SpringMVC\MVC-FrontController-JEE\src\test\resources
2023-05-08 14:34:29,219 [Worker-14: Building] INFO  o.e.m.w.i.f.ResourceFilteringBuildParticipant - Changed resources require a complete clean of filtered resources of MVC-FrontController-JEE
2023-05-08 14:34:29,219 [Worker-14: Building] INFO  o.e.m.w.i.f.ResourceFilteringBuildParticipant - Executing resource filtering for MVC-FrontController-JEE
2023-05-08 14:34:30,498 [Worker-14: Building] INFO  o.e.m.c.i.embedder.EclipseLogger - Using 'UTF-8' encoding to copy filtered resources.
2023-05-08 14:34:30,499 [Worker-14: Building] INFO  o.e.m.c.i.embedder.EclipseLogger - Using 'UTF-8' encoding to copy filtered properties files.
2023-05-08 14:34:30,499 [Worker-14: Building] INFO  o.e.m.c.i.embedder.EclipseLogger - Copying 1 resource
2023-05-08 14:34:30,521 [Worker-14: Building] INFO  o.e.m.c.i.embedder.EclipseLogger - Copying 3 resources
2023-05-08 14:34:30,555 [Worker-14: Building] INFO  o.e.m.c.i.embedder.EclipseLogger - Using 'UTF-8' encoding to copy filtered resources.
2023-05-08 14:34:30,555 [Worker-14: Building] INFO  o.e.m.c.i.embedder.EclipseLogger - Using 'UTF-8' encoding to copy filtered properties files.
2023-05-08 14:34:30,555 [Worker-14: Building] INFO  o.e.m.c.i.embedder.EclipseLogger - skip non existing resourceDirectory C:\Users\sushant.gowda\Downloads\springmvc (1)\SpringMVC\student-management-system-CRUD-main\src\test\resources
2023-05-08 14:52:38,925 [Worker-39: https://sourceforge.net/projects/sapnweclipse/files/updates/site.xml] INFO  o.a.h.c.h.i.c.HttpRequestRetryExec - Recoverable I/O exception (java.net.SocketException) caught when processing request to {s}->https://sourceforge.net:443
2023-05-08 14:52:39,212 [Worker-40: https://sourceforge.net/projects/sapnweclipse/files/updates/site.xml] INFO  o.a.h.c.h.i.c.HttpRequestRetryExec - Recoverable I/O exception (java.net.SocketException) caught when processing request to {s}->https://sourceforge.net:443
2023-05-08 14:52:39,277 [Worker-38: https://sourceforge.net/projects/sapnweclipse/files/updates/p2.index] INFO  o.a.h.c.h.i.c.HttpRequestRetryExec - Recoverable I/O exception (java.net.SocketException) caught when processing request to {s}->https://sourceforge.net:443
2023-05-08 14:52:39,584 [Worker-38: https://sourceforge.net/projects/sapnweclipse/files/updates/p2.index] INFO  o.a.h.c.h.i.c.HttpRequestRetryExec - Recoverable I/O exception (java.net.SocketException) caught when processing request to {s}->https://sourceforge.net:443
2023-05-08 14:52:39,698 [Worker-36: https://sourceforge.net/projects/sapnweclipse/files/updates/content.jar] INFO  o.a.h.c.h.i.c.HttpRequestRetryExec - Recoverable I/O exception (java.net.SocketException) caught when processing request to {s}->https://sourceforge.net:443
2023-05-08 14:52:39,790 [Worker-31: https://sourceforge.net/projects/sapnweclipse/files/updates/content.xml] INFO  o.a.h.c.h.i.c.HttpRequestRetryExec - Recoverable I/O exception (java.net.SocketException) caught when processing request to {s}->https://sourceforge.net:443
2023-05-08 15:38:51,015 [Worker-52: Building] ERROR o.e.m.c.i.p.r.ProjectRegistryManager - File not found: C:\Users\sushant.gowda\Downloads\springmvc (1)\SpringMVC\BootMVCProj04-DataBinding-FormBinding\pom.xml.
org.eclipse.core.internal.resources.ResourceException: File not found: C:\Users\sushant.gowda\Downloads\springmvc (1)\SpringMVC\BootMVCProj04-DataBinding-FormBinding\pom.xml.
	at org.eclipse.core.internal.localstore.FileSystemResourceManager.read(FileSystemResourceManager.java:835)
	at org.eclipse.core.internal.resources.File.getContents(File.java:277)
	at org.eclipse.core.internal.resources.File.getContents(File.java:268)
	at org.eclipse.m2e.core.internal.project.registry.ProjectRegistryManager.refreshPhase2(ProjectRegistryManager.java:583)
	at org.eclipse.m2e.core.internal.project.registry.ProjectRegistryManager.refresh(ProjectRegistryManager.java:485)
	at org.eclipse.m2e.core.internal.project.registry.ProjectRegistryManager.refresh(ProjectRegistryManager.java:362)
	at org.eclipse.m2e.core.internal.project.registry.ProjectRegistryManager.refresh(ProjectRegistryManager.java:314)
	at org.eclipse.m2e.core.internal.builder.MavenBuilder$BuildMethod.getProjectFacade(MavenBuilder.java:146)
	at org.eclipse.m2e.core.internal.builder.MavenBuilder$BuildMethod.lambda$0(MavenBuilder.java:84)
	at org.eclipse.m2e.core.internal.embedder.MavenExecutionContext.executeBare(MavenExecutionContext.java:394)
	at org.eclipse.m2e.core.internal.embedder.MavenExecutionContext.execute(MavenExecutionContext.java:275)
	at org.eclipse.m2e.core.internal.embedder.MavenExecutionContext.execute(MavenExecutionContext.java:214)
	at org.eclipse.m2e.core.internal.builder.MavenBuilder$BuildMethod.execute(MavenBuilder.java:83)
	at org.eclipse.m2e.core.internal.builder.MavenBuilder.build(MavenBuilder.java:192)
	at org.eclipse.core.internal.events.BuildManager$2.run(BuildManager.java:1020)
	at org.eclipse.core.runtime.SafeRunner.run(SafeRunner.java:45)
	at org.eclipse.core.internal.events.BuildManager.basicBuild(BuildManager.java:247)
	at org.eclipse.core.internal.events.BuildManager.basicBuild(BuildManager.java:303)
	at org.eclipse.core.internal.events.BuildManager$1.run(BuildManager.java:392)
	at org.eclipse.core.runtime.SafeRunner.run(SafeRunner.java:45)
	at org.eclipse.core.internal.events.BuildManager.basicBuild(BuildManager.java:395)
	at org.eclipse.core.internal.events.BuildManager.basicBuildLoop(BuildManager.java:506)
	at org.eclipse.core.internal.events.BuildManager.basicBuildLoop(BuildManager.java:454)
	at org.eclipse.core.internal.events.BuildManager.build(BuildManager.java:536)
	at org.eclipse.core.internal.events.AutoBuildJob.doBuild(AutoBuildJob.java:196)
	at org.eclipse.core.internal.events.AutoBuildJob.run(AutoBuildJob.java:289)
	at org.eclipse.core.internal.jobs.Worker.run(Worker.java:63)
Caused by: java.lang.Exception: File not found: C:\Users\sushant.gowda\Downloads\springmvc (1)\SpringMVC\BootMVCProj04-DataBinding-FormBinding\pom.xml.
	at org.eclipse.core.internal.resources.ResourceException.provideStackTrace(ResourceException.java:42)
	at org.eclipse.core.internal.resources.ResourceException.<init>(ResourceException.java:38)
	... 27 common frames omitted
2023-05-08 15:38:51,068 [Worker-52: Loading pom.xml] ERROR o.e.m.c.i.p.r.ProjectRegistryManager - Failed to read Maven project: Some problems were encountered while processing the POMs:
[FATAL] Non-readable POM C:\Users\sushant.gowda\Downloads\springmvc (1)\SpringMVC\BootMVCProj04-DataBinding-FormBinding\pom.xml: C:\Users\sushant.gowda\Downloads\springmvc (1)\SpringMVC\BootMVCProj04-DataBinding-FormBinding\pom.xml (The system cannot find the file specified) @ 

org.apache.maven.project.ProjectBuildingException: Some problems were encountered while processing the POMs:
[FATAL] Non-readable POM C:\Users\sushant.gowda\Downloads\springmvc (1)\SpringMVC\BootMVCProj04-DataBinding-FormBinding\pom.xml: C:\Users\sushant.gowda\Downloads\springmvc (1)\SpringMVC\BootMVCProj04-DataBinding-FormBinding\pom.xml (The system cannot find the file specified) @ 

	at org.eclipse.m2e.core.internal.IMavenToolbox.readMavenProjects(IMavenToolbox.java:131)
	at org.eclipse.m2e.core.internal.project.registry.ProjectRegistryManager.lambda$20(ProjectRegistryManager.java:902)
	at org.eclipse.m2e.core.internal.embedder.MavenExecutionContext.executeBare(MavenExecutionContext.java:394)
	at org.eclipse.m2e.core.internal.embedder.MavenExecutionContext.execute(MavenExecutionContext.java:275)
	at org.eclipse.m2e.core.internal.embedder.MavenExecutionContext.execute(MavenExecutionContext.java:214)
	at org.eclipse.m2e.core.internal.project.registry.ProjectRegistryManager.readProjectsWithDependencies(ProjectRegistryManager.java:898)
	at org.eclipse.m2e.core.internal.project.registry.ProjectRegistryManager.create(ProjectRegistryManager.java:214)
	at org.eclipse.m2e.core.internal.project.registry.MavenProjectManager.create(MavenProjectManager.java:105)
	at org.eclipse.m2e.core.ui.internal.actions.SelectionUtil.getMavenProject(SelectionUtil.java:239)
	at org.eclipse.m2e.editor.pom.MavenPomEditor.readMavenProject(MavenPomEditor.java:708)
	at org.eclipse.m2e.editor.pom.DependencyTreePage$1.run(DependencyTreePage.java:219)
	at org.eclipse.core.internal.jobs.Worker.run(Worker.java:63)
2023-05-08 15:38:51,072 [Worker-52: Loading pom.xml] ERROR o.e.m.c.i.p.r.ProjectRegistryManager - Failed to read Maven project: Some problems were encountered while processing the POMs:
[FATAL] Non-readable POM C:\Users\sushant.gowda\Downloads\springmvc (1)\SpringMVC\BootMVCProj04-DataBinding-FormBinding\pom.xml: C:\Users\sushant.gowda\Downloads\springmvc (1)\SpringMVC\BootMVCProj04-DataBinding-FormBinding\pom.xml (The system cannot find the file specified) @ 

org.apache.maven.project.ProjectBuildingException: Some problems were encountered while processing the POMs:
[FATAL] Non-readable POM C:\Users\sushant.gowda\Downloads\springmvc (1)\SpringMVC\BootMVCProj04-DataBinding-FormBinding\pom.xml: C:\Users\sushant.gowda\Downloads\springmvc (1)\SpringMVC\BootMVCProj04-DataBinding-FormBinding\pom.xml (The system cannot find the file specified) @ 

	at org.eclipse.m2e.core.internal.IMavenToolbox.readMavenProjects(IMavenToolbox.java:131)
	at org.eclipse.m2e.core.internal.project.registry.ProjectRegistryManager.lambda$20(ProjectRegistryManager.java:902)
	at org.eclipse.m2e.core.internal.embedder.MavenExecutionContext.executeBare(MavenExecutionContext.java:394)
	at org.eclipse.m2e.core.internal.embedder.MavenExecutionContext.execute(MavenExecutionContext.java:275)
	at org.eclipse.m2e.core.internal.embedder.MavenExecutionContext.execute(MavenExecutionContext.java:214)
	at org.eclipse.m2e.core.internal.project.registry.ProjectRegistryManager.readProjectsWithDependencies(ProjectRegistryManager.java:898)
	at org.eclipse.m2e.core.internal.project.registry.ProjectRegistryManager.create(ProjectRegistryManager.java:214)
	at org.eclipse.m2e.core.internal.project.registry.MavenProjectManager.create(MavenProjectManager.java:105)
	at org.eclipse.m2e.core.ui.internal.actions.SelectionUtil.getMavenProject(SelectionUtil.java:239)
	at org.eclipse.m2e.editor.pom.MavenPomEditor.readMavenProject(MavenPomEditor.java:708)
	at org.eclipse.m2e.editor.pom.MavenPomEditor.readDependencyTree(MavenPomEditor.java:653)
	at org.eclipse.m2e.editor.pom.DependencyTreePage$1.run(DependencyTreePage.java:225)
	at org.eclipse.core.internal.jobs.Worker.run(Worker.java:63)
2023-05-08 20:00:59,567 [Worker-7: Loading available Gradle versions] INFO  o.e.b.c.i.u.g.PublishedGradleVersions - Gradle version information cache is up-to-date. Trying to read.
